Build started 10/27/2014 8:58:31 AM.
     1>Project "C:\Users\Ganesh\SkyDrive\Documents\My_Folder\USC\Fall2014\EE574\Assignments\Programming\Assignment3\Assignment3\Assignment3\Assignment3.vcxproj" on node 2 (Build target(s)).
     1>ClCompile:
         C:\Program Files (x86)\Microsoft Visual Studio 12.0\VC\bin\CL.exe /c /IC:\OpenCV\opencv249\opencv\build\include\opencv /I"C:\Program Files\PCL 1.6.0\include\pcl-1.6" /IC:\OpenCV\opencv249\opencv\build\include /ZI /nologo /W3 /WX- /sdl /Od /Oy- /D WIN32 /D _DEBUG /D _CONSOLE /D _LIB /D _UNICODE /D UNICODE /Gm /EHsc /RTC1 /MDd /GS /fp:precise /Zc:wchar_t /Zc:forScope /Fo"Debug\\" /Fd"Debug\vc120.pdb" /Gd /TP /analyze- /errorReport:prompt Object_Localization.cpp
         Object_Localization.cpp
     1>c:\users\ganesh\skydrive\documents\my_folder\usc\fall2014\ee574\assignments\programming\assignment3\assignment3\assignment3\object_localization.cpp(64): warning C4018: '<' : signed/unsigned mismatch
     1>c:\users\ganesh\skydrive\documents\my_folder\usc\fall2014\ee574\assignments\programming\assignment3\assignment3\assignment3\object_localization.cpp(81): warning C4018: '<' : signed/unsigned mismatch
     1>c:\users\ganesh\skydrive\documents\my_folder\usc\fall2014\ee574\assignments\programming\assignment3\assignment3\assignment3\object_localization.cpp(105): warning C4018: '<' : signed/unsigned mismatch
     1>c:\users\ganesh\skydrive\documents\my_folder\usc\fall2014\ee574\assignments\programming\assignment3\assignment3\assignment3\object_localization.cpp(119): warning C4018: '<' : signed/unsigned mismatch
     1>c:\users\ganesh\skydrive\documents\my_folder\usc\fall2014\ee574\assignments\programming\assignment3\assignment3\assignment3\object_localization.cpp(142): warning C4018: '<' : signed/unsigned mismatch
     1>c:\users\ganesh\skydrive\documents\my_folder\usc\fall2014\ee574\assignments\programming\assignment3\assignment3\assignment3\object_localization.cpp(189): warning C4018: '<' : signed/unsigned mismatch
     1>c:\users\ganesh\skydrive\documents\my_folder\usc\fall2014\ee574\assignments\programming\assignment3\assignment3\assignment3\object_localization.cpp(219): warning C4018: '<' : signed/unsigned mismatch
     1>c:\users\ganesh\skydrive\documents\my_folder\usc\fall2014\ee574\assignments\programming\assignment3\assignment3\assignment3\object_localization.cpp(246): warning C4018: '<' : signed/unsigned mismatch
     1>c:\users\ganesh\skydrive\documents\my_folder\usc\fall2014\ee574\assignments\programming\assignment3\assignment3\assignment3\object_localization.cpp(286): warning C4018: '<' : signed/unsigned mismatch
     1>c:\users\ganesh\skydrive\documents\my_folder\usc\fall2014\ee574\assignments\programming\assignment3\assignment3\assignment3\object_localization.cpp(289): warning C4018: '<' : signed/unsigned mismatch
     1>c:\users\ganesh\skydrive\documents\my_folder\usc\fall2014\ee574\assignments\programming\assignment3\assignment3\assignment3\object_localization.cpp(294): warning C4018: '<' : signed/unsigned mismatch
     1>c:\users\ganesh\skydrive\documents\my_folder\usc\fall2014\ee574\assignments\programming\assignment3\assignment3\assignment3\object_localization.cpp(425): warning C4244: '=' : conversion from 'double' to 'float', possible loss of data
     1>c:\users\ganesh\skydrive\documents\my_folder\usc\fall2014\ee574\assignments\programming\assignment3\assignment3\assignment3\object_localization.cpp(426): warning C4244: '=' : conversion from 'double' to 'float', possible loss of data
     1>c:\users\ganesh\skydrive\documents\my_folder\usc\fall2014\ee574\assignments\programming\assignment3\assignment3\assignment3\object_localization.cpp(433): warning C4244: '=' : conversion from 'double' to 'float', possible loss of data
     1>c:\users\ganesh\skydrive\documents\my_folder\usc\fall2014\ee574\assignments\programming\assignment3\assignment3\assignment3\object_localization.cpp(434): warning C4244: '=' : conversion from 'double' to 'float', possible loss of data
     1>c:\users\ganesh\skydrive\documents\my_folder\usc\fall2014\ee574\assignments\programming\assignment3\assignment3\assignment3\object_localization.cpp(462): warning C4018: '<' : signed/unsigned mismatch
     1>c:\users\ganesh\skydrive\documents\my_folder\usc\fall2014\ee574\assignments\programming\assignment3\assignment3\assignment3\object_localization.cpp(531): warning C4018: '<' : signed/unsigned mismatch
     1>c:\users\ganesh\skydrive\documents\my_folder\usc\fall2014\ee574\assignments\programming\assignment3\assignment3\assignment3\object_localization.cpp(631): warning C4018: '<' : signed/unsigned mismatch
     1>c:\users\ganesh\skydrive\documents\my_folder\usc\fall2014\ee574\assignments\programming\assignment3\assignment3\assignment3\object_localization.cpp(688): warning C4018: '<' : signed/unsigned mismatch
     1>c:\users\ganesh\skydrive\documents\my_folder\usc\fall2014\ee574\assignments\programming\assignment3\assignment3\assignment3\object_localization.cpp(710): warning C4018: '<' : signed/unsigned mismatch
     1>c:\users\ganesh\skydrive\documents\my_folder\usc\fall2014\ee574\assignments\programming\assignment3\assignment3\assignment3\object_localization.cpp(735): warning C4018: '<' : signed/unsigned mismatch
     1>c:\users\ganesh\skydrive\documents\my_folder\usc\fall2014\ee574\assignments\programming\assignment3\assignment3\assignment3\object_localization.cpp(755): warning C4018: '<' : signed/unsigned mismatch
     1>c:\users\ganesh\skydrive\documents\my_folder\usc\fall2014\ee574\assignments\programming\assignment3\assignment3\assignment3\object_localization.cpp(775): warning C4018: '<' : signed/unsigned mismatch
       Link:
         C:\Program Files (x86)\Microsoft Visual Studio 12.0\VC\bin\link.exe /ERRORREPORT:PROMPT /OUT:"C:\Users\Ganesh\SkyDrive\Documents\My_Folder\USC\Fall2014\EE574\Assignments\Programming\Assignment3\Assignment3\Debug\Assignment3.exe" /INCREMENTAL /NOLOGO /LIBPATH:"C:\Program Files\PCL 1.6.0\lib" /LIBPATH:C:\OpenCV\opencv249\opencv\build\x86\vc12\lib opencv_calib3d249d.lib opencv_contrib249d.lib opencv_core249d.lib opencv_features2d249d.lib opencv_flann249d.lib opencv_gpu249d.lib opencv_highgui249d.lib opencv_imgproc249d.lib opencv_legacy249d.lib opencv_ml249d.lib opencv_objdetect249d.lib opencv_ts249d.lib opencv_video249d.lib opencv_nonfree249d.lib pcl_apps_debug.lib pcl_common_debug.lib pcl_features_debug.lib pcl_filters_debug.lib pcl_io_debug.lib pcl_io_ply_debug.lib pcl_kdtree_debug.lib pcl_keypoints_debug.lib pcl_octree_debug.lib pcl_registration_debug.lib pcl_sample_consensus_debug.lib pcl_search_debug.lib pcl_segmentation_debug.lib pcl_surface_debug.lib pcl_tracking_debug.lib pcl_visualization_debug.lib kernel32.lib user32.lib gdi32.lib winspool.lib comdlg32.lib advapi32.lib shell32.lib ole32.lib oleaut32.lib uuid.lib odbc32.lib odbccp32.lib /MANIFEST /MANIFESTUAC:"level='asInvoker' uiAccess='false'" /manifest:embed /DEBUG /PDB:"C:\Users\Ganesh\SkyDrive\Documents\My_Folder\USC\Fall2014\EE574\Assignments\Programming\Assignment3\Assignment3\Debug\Assignment3.pdb" /SUBSYSTEM:CONSOLE /TLBID:1 /DYNAMICBASE /NXCOMPAT /IMPLIB:"C:\Users\Ganesh\SkyDrive\Documents\My_Folder\USC\Fall2014\EE574\Assignments\Programming\Assignment3\Assignment3\Debug\Assignment3.lib" /MACHINE:X86 Debug\Object_Localization.obj
         Debug\Source.obj
         Assignment3.vcxproj -> C:\Users\Ganesh\SkyDrive\Documents\My_Folder\USC\Fall2014\EE574\Assignments\Programming\Assignment3\Assignment3\Debug\Assignment3.exe
     1>Done Building Project "C:\Users\Ganesh\SkyDrive\Documents\My_Folder\USC\Fall2014\EE574\Assignments\Programming\Assignment3\Assignment3\Assignment3\Assignment3.vcxproj" (Build target(s)).

Build succeeded.

Time Elapsed 00:00:10.92
